<?xml version="1.0" encoding="UTF-8"?>
<testsuite xmlns:xsi="http://www.w3.org/2001/XMLSchema-instance" xsi:noNamespaceSchemaLocation="https://maven.apache.org/surefire/maven-surefire-plugin/xsd/surefire-test-report.xsd" name="testScriptsJunit.TestMathutil" time="0.008" tests="2" errors="0" skipped="0" failures="1">
  <properties>
[...]
</properties>
  <testcase name="testScriptsJunit.TestMathutil.test1" classname="testScriptsJunit.TestMathutil" time="0.001"/>
  <testcase name="testScriptsJunit.TestMathutil.testDivide" classname="testScriptsJunit.TestMathutil" time="0.003">
    <failure message="divide by zero should throw ==&gt; Unexpected exception type thrown ==&gt; expected: &lt;java.lang.NullPointerException&gt; but was: &lt;java.lang.ArithmeticException&gt;" type="org.opentest4j.AssertionFailedError"><![CDATA[org.opentest4j.AssertionFailedError: divide by zero should throw ==> Unexpected exception type thrown ==> expected: <java.lang.NullPointerException> but was: <java.lang.ArithmeticException>
	at org.junit.jupiter.api.AssertThrows.assertThrows(AssertThrows.java:65)
	at org.junit.jupiter.api.AssertThrows.assertThrows(AssertThrows.java:41)
	at org.junit.jupiter.api.Assertions.assertThrows(Assertions.java:2936)
	at testScriptsJunit.TestMathutil.testDivide(TestMathutil.java:39)
Caused by: java.lang.ArithmeticException: / by zero
	at junitScripts.Mathutil.divide(Mathutil.java:20)
	at testScriptsJunit.TestMathutil.lambda$0(TestMathutil.java:39)
	at org.junit.jupiter.api.AssertThrows.assertThrows(AssertThrows.java:55)
	... 16 more
]]></failure>
  </testcase>
</testsuite>